[2024-04-15 04:21:56] [DEBUG] Cannot get info from: https://en.tripadvisor.com.hk/Restaurant_Review-g194676-d10205587-Reviews-Sushikaiten-Ascoli_Piceno_Province_of_Ascoli_Piceno_Marche.html
[2024-04-15 04:21:56] [DEBUG] Cannot get info from: https://no.tripadvisor.com/Restaurant_Review-g294212-d4933905-Reviews-ChuJiao_Bar-Beijing.html
[2024-04-15 04:21:56] [DEBUG] Cannot get info from: https://fr.tripadvisor.be/Restaurant_Review-g60933-d7295338-Reviews-Thunder_Road_Steakhouse_Cantina-Albuquerque_New_Mexico.html
[2024-04-15 04:21:56] [DEBUG] Cannot get info from: https://no.tripadvisor.com/Restaurant_Review-g658254-d8354459-Reviews-Molly_s_Tea_Room-Hitchin_Hertfordshire_England.html
[2024-04-15 04:21:57] [DEBUG] Cannot get info from: https://en.tripadvisor.com.hk/Restaurant_Review-g48962-d17146853-Reviews-The_Hop_Black_Mountain-Black_Mountain_North_Carolina.html
[2024-04-15 04:21:57] [DEBUG] Cannot get info from: https://fr.tripadvisor.be/Restaurant_Review-g652103-d12948449-Reviews-Cafe_Clarimar-San_Pedro_de_Alcantara_Costa_del_Sol_Province_of_Malaga_Andalucia.html
[2024-04-15 04:21:57] [DEBUG] Cannot get info from: https://en.tripadvisor.com.hk/Restaurant_Review-g304554-d5912517-Reviews-Tawa_Restaurant-Mumbai_Maharashtra.html
[2024-04-15 04:21:57] [DEBUG] Cannot get info from: https://fr.tripadvisor.be/Restaurant_Review-g187457-d14029549-Reviews-Xiri-San_Sebastian_Donostia_Province_of_Guipuzcoa_Basque_Country.html
[2024-04-15 04:21:57] [DEBUG] Cannot get info from: https://no.tripadvisor.com/Restaurant_Review-g15836760-d15831439-Reviews-Pizza_Hut-Lely_Resort_Florida.html
[2024-04-15 04:21:57] [DEBUG] Cannot get info from: https://fr.tripadvisor.be/Restaurant_Review-g50350-d8134317-Reviews-Giovanni_s-Franklin_Furnace_Ohio.html
[2024-04-15 04:36:56] 'NoneType' object has no attribute 'split'
[2024-04-15 04:36:56] [DEBUG] Cannot get info from: https://no.tripadvisor.com/Restaurant_Review-g304554-d5912517-Reviews-Tawa_Restaurant-Mumbai_Maharashtra.html
[2024-04-15 04:36:56] list index out of range
[2024-04-15 04:36:57] list index out of range
[2024-04-15 04:36:58] list index out of range
[2024-04-15 04:36:58] [DEBUG] Cannot get info from: https://en.tripadvisor.com.hk/Restaurant_Review-g2467475-d4593999-Reviews-Bar_La_Huertecilla-Conchar_Province_of_Granada_Andalucia.html
[2024-04-15 04:36:58] list index out of range
[2024-04-15 04:36:58] [DEBUG] Cannot get info from: https://fr.tripadvisor.ch/Restaurant_Review-g1800639-d5214085-Reviews-McDonald_s-Willenhall_Walsall_West_Midlands_England.html
[2024-04-15 04:36:58] list index out of range
[2024-04-15 04:36:59] list index out of range
[2024-04-15 04:37:01] [ERROR] Cannot add data to list, try again 'NoneType' object has no attribute 'split' URL: https://no.tripadvisor.com/Restaurant_Review-g580287-d25448595-Reviews-Il_Pizzettaro_Mallorca-Cala_d_Or_Majorca_Balearic_Islands.html
[2024-04-15 04:37:02] [DEBUG] Cannot get info from: https://fr.tripadvisor.be/Restaurant_Review-g49365-d17654696-Reviews-Cantina_1511-Mooresville_North_Carolina.html
